<?xml version="1.0" encoding="UTF-8"?>
<testsuite xmlns:xsi="http://www.w3.org/2001/XMLSchema-instance" xsi:noNamespaceSchemaLocation="https://maven.apache.org/surefire/maven-surefire-plugin/xsd/surefire-test-report-3.0.xsd" version="3.0" name="com.example.cinema.CinemaApplicationTests" time="6.878" tests="1" errors="0" skipped="0" failures="0">
  <properties>
[...]
</properties>
  <testcase name="contextLoads" classname="com.example.cinema.CinemaApplicationTests" time="0.535">
    <system-out><![CDATA[14:06:31.627 [main] INFO org.springframework.test.context.support.AnnotationConfigContextLoaderUtils -- Could not detect default configuration classes for test class [com.example.cinema.CinemaApplicationTests]: CinemaApplicationTests does not declare any static, non-private, non-final, nested classes annotated with @Configuration.
14:06:31.727 [main] INFO org.springframework.boot.test.context.SpringBootTestContextBootstrapper -- Found @SpringBootConfiguration com.example.cinema.CinemaApplication for test class com.example.cinema.CinemaApplicationTests
14:06:31.886 [main] INFO org.springframework.boot.devtools.restart.RestartApplicationListener -- Restart disabled due to context in which it is running

  .   ____          _            __ _ _
 /\\ / ___'_ __ _ _(_)_ __  __ _ \ \ \ \
( ( )\___ | '_ | '_| | '_ \/ _` | \ \ \ \
 \\/  ___)| |_)| | | | | || (_| |  ) ) ) )
  '  |____| .__|_| |_|_| |_\__, | / / / /
 =========|_|==============|___/=/_/_/_/
 :: Spring Boot ::                (v3.2.0)

2024-01-30T14:06:32.194+07:00  INFO 20684 --- [           main] c.example.cinema.CinemaApplicationTests  : Starting CinemaApplicationTests using Java 20.0.1 with PID 20684 (started by 84981 in C:\cinema)
2024-01-30T14:06:32.195+07:00  INFO 20684 --- [           main] c.example.cinema.CinemaApplicationTests  : No active profile set, falling back to 1 default profile: "default"
2024-01-30T14:06:32.914+07:00  INFO 20684 --- [           main] .s.d.r.c.RepositoryConfigurationDelegate : Bootstrapping Spring Data JPA repositories in DEFAULT mode.
2024-01-30T14:06:32.996+07:00  INFO 20684 --- [           main] .s.d.r.c.RepositoryConfigurationDelegate : Finished Spring Data repository scanning in 73 ms. Found 12 JPA repository interfaces.
2024-01-30T14:06:33.618+07:00  INFO 20684 --- [           main] o.hibernate.jpa.internal.util.LogHelper  : HHH000204: Processing PersistenceUnitInfo [name: default]
2024-01-30T14:06:33.709+07:00  INFO 20684 --- [           main] org.hibernate.Version                    : HHH000412: Hibernate ORM core version 6.3.1.Final
2024-01-30T14:06:33.767+07:00  INFO 20684 --- [           main] o.h.c.internal.RegionFactoryInitiator    : HHH000026: Second-level cache disabled
2024-01-30T14:06:34.095+07:00  INFO 20684 --- [           main] o.s.o.j.p.SpringPersistenceUnitInfo      : No LoadTimeWeaver setup: ignoring JPA class transformer
2024-01-30T14:06:34.143+07:00  INFO 20684 --- [           main] com.zaxxer.hikari.HikariDataSource       : HikariPool-1 - Starting...
2024-01-30T14:06:34.644+07:00  INFO 20684 --- [           main] com.zaxxer.hikari.pool.HikariPool        : HikariPool-1 - Added connection com.mysql.cj.jdbc.ConnectionImpl@312a738d
2024-01-30T14:06:34.645+07:00  INFO 20684 --- [           main] com.zaxxer.hikari.HikariDataSource       : HikariPool-1 - Start completed.
2024-01-30T14:06:35.747+07:00  INFO 20684 --- [           main] o.h.e.t.j.p.i.JtaPlatformInitiator       : HHH000489: No JTA platform available (set 'hibernate.transaction.jta.platform' to enable JTA platform integration)
2024-01-30T14:06:36.028+07:00  INFO 20684 --- [           main] j.LocalContainerEntityManagerFactoryBean : Initialized JPA EntityManagerFactory for persistence unit 'default'
2024-01-30T14:06:36.761+07:00  WARN 20684 --- [           main] JpaBaseConfiguration$JpaWebConfiguration : spring.jpa.open-in-view is enabled by default. Therefore, database queries may be performed during view rendering. Explicitly configure spring.jpa.open-in-view to disable this warning
2024-01-30T14:06:37.252+07:00  INFO 20684 --- [           main] o.s.s.web.DefaultSecurityFilterChain     : Will secure any request with [org.springframework.security.web.session.DisableEncodeUrlFilter@76e4df53, org.springframework.security.web.context.request.async.WebAsyncManagerIntegrationFilter@569d6e0d, org.springframework.security.web.context.SecurityContextHolderFilter@2693e39c, org.springframework.security.web.header.HeaderWriterFilter@4d1f6e1c, org.springframework.web.filter.CorsFilter@43069adf, org.springframework.security.web.authentication.logout.LogoutFilter@493ed8e6, com.example.cinema.config.filter.JwtTokenFilter@76efa2b7, org.springframework.security.web.savedrequest.RequestCacheAwareFilter@1043c493, org.springframework.security.web.servletapi.SecurityContextHolderAwareRequestFilter@2b27d5d3, org.springframework.security.web.authentication.AnonymousAuthenticationFilter@18edbed9, org.springframework.security.web.session.SessionManagementFilter@2b68c59b, org.springframework.security.web.access.ExceptionTranslationFilter@7a4199e5, org.springframework.security.web.access.intercept.AuthorizationFilter@72ea5674]
2024-01-30T14:06:37.746+07:00  INFO 20684 --- [           main] c.example.cinema.CinemaApplicationTests  : Started CinemaApplicationTests in 5.872 seconds (process running for 7.118)
]]></system-out>
  </testcase>
</testsuite>